[2026-03-25 17:49:15] [INFO] Modo jogo ativado
1 processos encerrados
54 processos ignorados
BlueStacks priorizado
Discord detectado
[2026-03-25 17:49:30] [INFO] Modo jogo ativado
0 processos encerrados
54 processos ignorados
BlueStacks priorizado
Discord detectado
[2026-03-25 17:49:30] [INFO] Modo jogo ativado
0 processos encerrados
54 processos ignorados
BlueStacks priorizado
Discord detectado
[2026-03-25 17:49:31] [INFO] Modo jogo ativado
0 processos encerrados
54 processos ignorados
BlueStacks priorizado
Discord detectado
[2026-03-25 17:49:31] [INFO] Modo jogo ativado
0 processos encerrados
54 processos ignorados
BlueStacks priorizado
Discord detectado
[2026-03-25 17:49:31] [INFO] Modo jogo ativado
0 processos encerrados
54 processos ignorados
BlueStacks priorizado
Discord detectado
[2026-03-25 17:49:31] [INFO] Modo jogo ativado
0 processos encerrados
54 processos ignorados
BlueStacks priorizado
Discord detectado
[2026-03-25 17:49:32] [INFO] Modo jogo ativado
0 processos encerrados
54 processos ignorados
BlueStacks priorizado
Discord detectado
[2026-03-25 17:49:32] [INFO] Modo jogo ativado
0 processos encerrados
54 processos ignorados
BlueStacks priorizado
Discord detectado
[2026-03-25 17:49:32] [INFO] Modo jogo ativado
0 processos encerrados
54 processos ignorados
BlueStacks priorizado
Discord detectado
[2026-03-25 17:49:32] [INFO] Modo jogo ativado
0 processos encerrados
54 processos ignorados
BlueStacks priorizado
Discord detectado
[2026-03-25 17:49:32] [INFO] Modo jogo ativado
0 processos encerrados
54 processos ignorados
BlueStacks priorizado
Discord detectado
[2026-03-25 17:49:33] [INFO] Modo jogo ativado
0 processos encerrados
54 processos ignorados
BlueStacks priorizado
Discord detectado
[2026-03-25 17:50:55] [INFO] Otimizacao executada
  - Emuladores detectados: HD-Player
  - Discord detectado: sim
  - Gravadores detectados: nenhum
  - Processos encerrados: 0 (nenhum)
  - Processos ignorados: 19 (audiodg, csrss, Discord, dwm, explorer, fontdrvhost, HD-Player, Idle, lsass, nvcontainer, Registry, services, ShellExperienceHost, sihost, svchost, System, taskhostw, wininit, winlogon)
  - Prioridade elevada: sim
  - Plano de energia alterado: sim
  - Plano anterior: Alto desempenho
[2026-03-25 17:52:46] [INFO] Otimizacao executada
  - Emuladores detectados: HD-Player
  - Discord detectado: sim
  - Gravadores detectados: nenhum
  - Processos encerrados: 0 (nenhum)
  - Processos ignorados: 19 (audiodg, csrss, Discord, dwm, explorer, fontdrvhost, HD-Player, Idle, lsass, nvcontainer, Registry, services, ShellExperienceHost, sihost, svchost, System, taskhostw, wininit, winlogon)
  - Prioridade elevada: sim
  - Plano de energia alterado: sim
  - Plano anterior: Alto desempenho
